<?xml version="1.0" encoding="UTF-8" ?>
<testsuite errors="0" failures="0" name="dk.linvald.libtomavendependencies.TestLibResolver" tests="1" time="0.032">
  <properties>
    <property name="file.encoding.pkg" value="sun.io"></property>
    <property name="maven.compile.debug" value="on"></property>
    <property name="maven.property.inheritance" value="true"></property>
    <property name="java.home" value="E:\JDK\j2sdk1.4.2\jre"></property>
    <property name="maven.distBuildIndicator" value="DIST_BUILD_DIRECTORY"></property>
    <property name="context" value="org.apache.maven.jelly.MavenJellyContext@691dee"></property>
    <property name="maven.plugin.unpacked.dir" value="C:\Documents and Settings\jesper/.maven/cache"></property>
    <property name="java.endorsed.dirs" value="E:\JDK\j2sdk1.4.2\lib\endorsed;C:\Programmer\Apache Software Foundation\Maven 1.0\lib\endorsed"></property>
    <property name="maven.conf.dir" value="C:\eclipse_work\LibToMavenDependencies/conf"></property>
    <property name="org.apache.commons.jelly.ant.Project" value="org.apache.commons.grant.GrantProject@12bf892"></property>
    <property name="maven.jar.classpath" value="templates . templates/pom.vm pom.vm"></property>
    <property name="maven.xdoc.includeProjectDocumentation" value="yes"></property>
    <property name="maven.docs.omitXmlDeclaration" value="false"></property>
    <property name="sun.os.patch.level" value="Service Pack 1"></property>
    <property name="java.vendor.url" value="http://java.sun.com/"></property>
    <property name="maven.repo.central" value="login.ibiblio.org"></property>
    <property name="maven.build.dir" value="C:\eclipse_work\LibToMavenDependencies/target"></property>
    <property name="java.version" value="1.4.2"></property>
    <property name="maven.remote.group" value="maven"></property>
    <property name="maven.jar.manifest.classpath.add" value="true"></property>
    <property name="java.vendor.url.bug" value="http://java.sun.com/cgi-bin/bugreport.cgi"></property>
    <property name="maven.junit.jvm" value=""></property>
    <property name="user.name" value="jesper"></property>
    <property name="sun.io.unicode.encoding" value="UnicodeLittle"></property>
    <property name="maven.junit.printSummary" value="true"></property>
    <property name="sourcesPresent" value="true"></property>
    <property name="java.runtime.name" value="Java(TM) 2 Runtime Environment, Standard Edition"></property>
    <property name="maven.xdoc.date.format" value="dd MMMM yyyy"></property>
    <property name="java.specification.name" value="Java Platform API Specification"></property>
    <property name="user.timezone" value="Europe/Paris"></property>
    <property name="maven.xdoc.poweredby.title" value="Built by Maven"></property>
    <property name="maven.ssh.executable" value="ssh"></property>
    <property name="path.separator" value=";"></property>
    <property name="maven.xdoc.pomDocuments" value="cvs-usage.xml,index.xml,maven-reports.xml,dependencies.xml,issue-tracking.xml,mail-lists.xml,project-info.xml,team-list.xml,downloads.jelly"></property>
    <property name="file.encoding" value="Cp1252"></property>
    <property name="maven.antlr.target.dir" value="C:\eclipse_work\LibToMavenDependencies/target/antlr"></property>
    <property name="maven.jar.mainclass" value="dk.linvald.libtomavendependencies.gui.Main"></property>
    <property name="systemScope" value="{java.runtime.name=Java(TM) 2 Runtime Environment, Standard Edition, sun.boot.library.path=E:\JDK\j2sdk1.4.2\jre\bin, java.vm.version=1.4.2-b28, java.vm.vendor=Sun Microsystems Inc., java.vendor.url=http://java.sun.com/, path.separator=;, java.vm.name=Java HotSpot(TM) Client VM, file.encoding.pkg=sun.io, user.country=DK, sun.os.patch.level=Service Pack 1, java.vm.specification.name=Java Virtual Machine Specification, user.dir=C:\eclipse_work\LibToMavenDependencies, java.runtime.version=1.4.2-b28, forehead.conf.file=C:\Programmer\Apache Software Foundation\Maven 1.0\bin\forehead.conf, java.awt.graphicsenv=sun.awt.Win32GraphicsEnvironment, java.endorsed.dirs=E:\JDK\j2sdk1.4.2\lib\endorsed;C:\Programmer\Apache Software Foundation\Maven 1.0\lib\endorsed, os.arch=x86, java.io.tmpdir=C:\DOCUME~1\jesper\LOKALE~1\Temp\, line.separator=
, java.vm.specification.vendor=Sun Microsystems Inc., user.variant=, os.name=Windows XP, sun.java2d.fontpath=, tools.jar=E:\JDK\j2sdk1.4.2\lib\tools.jar, javax.xml.parsers.SAXParserFactory=org.apache.xerces.jaxp.SAXParserFactoryImpl, java.library.path=E:\JDK\j2sdk1.4.2\bin;.;C:\WINDOWS\System32;C:\WINDOWS;E:\JDK\j2sdk1.4.2\bin;C:\WINDOWS\system32;C:\WINDOWS;C:\WINDOWS\System32\Wbem;C:\Programmer\ATI Technologies\ATI Control Panel;C:\Programmer\FÃ¦lles filer\OpSession\Shared;C:\Programmer\FÃ¦lles filer\OpSession\Viewer Shared;E:\LIBS\jtb\bin;E:\bat;E:\LIBS\javacc-3.2\bin;E:\LIBS\apache-ant-1.5.3Beta1\bin;C:\Programmer\3dMax5\backburner2\;C:\Programmer\Fælles filer\Autodesk Shared\;E:\assembler\hla;E:\assembler\hla\radasm;E:\assembler\hla\radasm\addins;C:\Programmer\GNU\WinCvs 1.3\CVSNT;E:\putty;E:\LIBS\jad\;C:\Programmer\WinAbility\Folder Guard Lite\;E:\LIBS\cruisecontrol-2.1.5\main\bin;E:\cygwin\bin\;E:\LIBS\jspider\bin;C:\Programmer\Apache Software Foundation\Maven 1.0\bin;C:\Programmer\Microsoft SQL Server\90\Tools\Binn\;E:\smalltalk\objectStudio\dllw32;C:\Program Files\ObjectStudio\;C:\Program Files\ObjectStudio\dllw32, java.specification.name=Java Platform API Specification, java.class.version=48.0, java.util.prefs.PreferencesFactory=java.util.prefs.WindowsPreferencesFactory, os.version=5.1, maven.mode.online=true, user.home=C:\Documents and Settings\jesper, user.timezone=Europe/Paris, java.awt.printerjob=sun.awt.windows.WPrinterJob, file.encoding=Cp1252, java.specification.version=1.4, java.class.path=C:\Programmer\Apache Software Foundation\Maven 1.0\lib\forehead-1.0-beta-5.jar, user.name=jesper, java.vm.specification.version=1.0, java.home=E:\JDK\j2sdk1.4.2\jre, sun.arch.data.model=32, user.language=da, java.specification.vendor=Sun Microsystems Inc., awt.toolkit=sun.awt.windows.WToolkit, java.vm.info=mixed mode, java.version=1.4.2, java.ext.dirs=E:\JDK\j2sdk1.4.2\jre\lib\ext, sun.boot.class.path=C:\Programmer\Apache Software Foundation\Maven 1.0\lib\endorsed\xerces-2.4.0.jar;C:\Programmer\Apache Software Foundation\Maven 1.0\lib\endorsed\xml-apis-1.0.b2.jar;E:\JDK\j2sdk1.4.2\jre\lib\rt.jar;E:\JDK\j2sdk1.4.2\jre\lib\i18n.jar;E:\JDK\j2sdk1.4.2\jre\lib\sunrsasign.jar;E:\JDK\j2sdk1.4.2\jre\lib\jsse.jar;E:\JDK\j2sdk1.4.2\jre\lib\jce.jar;E:\JDK\j2sdk1.4.2\jre\lib\charsets.jar;E:\JDK\j2sdk1.4.2\jre\classes, javax.xml.parsers.DocumentBuilderFactory=org.apache.xerces.jaxp.DocumentBuilderFactoryImpl, java.vendor=Sun Microsystems Inc., maven.home=C:\Programmer\Apache Software Foundation\Maven 1.0, file.separator=\, java.vendor.url.bug=http://java.sun.com/cgi-bin/bugreport.cgi, sun.io.unicode.encoding=UnicodeLittle, sun.cpu.endian=little, sun.cpu.isalist=pentium i486 i386}"></property>
    <property name="maven.junit.dir" value="C:\eclipse_work\LibToMavenDependencies"></property>
    <property name="maven.xdoc.poweredby.image" value="maven-button-1.png"></property>
    <property name="maven.jar.index" value="false"></property>
    <property name="java.io.tmpdir" value="C:\DOCUME~1\jesper\LOKALE~1\Temp\"></property>
    <property name="user.language" value="da"></property>
    <property name="maven.xdoc.date" value=""></property>
    <property name="maven.repo.central.directory" value="/public/html/maven"></property>
    <property name="line.separator" value="
"></property>
    <property name="maven.repo.local" value="C:\Documents and Settings\jesper/.maven/repository"></property>
    <property name="maven.plugin.user.dir" value="C:\Documents and Settings\jesper/.maven/plugins"></property>
    <property name="maven.artifact.manifest.basedir" value="/plugin-resources/templates"></property>
    <property name="maven.junit.fork" value="no "></property>
    <property name="maven.junit.usefile" value="true"></property>
    <property name="maven.junit.format" value="brief"></property>
    <property name="maven.compile.optimize" value="off"></property>
    <property name="java.vm.info" value="mixed mode"></property>
    <property name="maven.repo.remote.enabled" value="true"></property>
    <property name="java.util.prefs.PreferencesFactory" value="java.util.prefs.WindowsPreferencesFactory"></property>
    <property name="java.vm.specification.name" value="Java Virtual Machine Specification"></property>
    <property name="maven.emacsModeOn" value="false"></property>
    <property name="maven.build.dest" value="C:\eclipse_work\LibToMavenDependencies/target/classes"></property>
    <property name="maven.jar.manifest.extensions.add" value="false"></property>
    <property name="maven.compile.deprecation" value="off"></property>
    <property name="maven.xdoc.projectInfo" value="cvs-usage.xml,dependencies.xml,issue-tracking.xml,mail-lists.xml,project-info.xml,team-list.xml,downloads.jelly"></property>
    <property name="parentScope" value="{maven.session=org.apache.maven.MavenSession@1cc5069, java.vendor=org.apache.commons.jelly.expression.ConstantExpression@b32ed4[value=Sun Microsystems Inc.], os.name=org.apache.commons.jelly.expression.ConstantExpression@1c7980c[value=Windows XP], sun.boot.class.path=org.apache.commons.jelly.expression.ConstantExpression@cf710e[value=C:\Programmer\Apache Software Foundation\Maven 1.0\lib\endorsed\xerces-2.4.0.jar;C:\Programmer\Apache Software Foundation\Maven 1.0\lib\endorsed\xml-apis-1.0.b2.jar;E:\JDK\j2sdk1.4.2\jre\lib\rt.jar;E:\JDK\j2sdk1.4.2\jre\lib\i18n.jar;E:\JDK\j2sdk1.4.2\jre\lib\sunrsasign.jar;E:\JDK\j2sdk1.4.2\jre\lib\jsse.jar;E:\JDK\j2sdk1.4.2\jre\lib\jce.jar;E:\JDK\j2sdk1.4.2\jre\lib\charsets.jar;E:\JDK\j2sdk1.4.2\jre\classes], maven.distBuildDirectory=org.apache.commons.jelly.expression.CompositeExpression@1077fc9[expressions=[org.apache.commons.jelly.expression.jexl.JexlExpressionFactory$ExpressionSupportLocal@1568fb5[expression:basedir], org.apache.commons.jelly.expression.ConstantExpression@1f4bcf7[value=/target]]], tools.jar=org.apache.commons.jelly.expression.ConstantExpression@a2220f[value=E:\JDK\j2sdk1.4.2\lib\tools.jar], sun.java2d.fontpath=org.apache.commons.jelly.expression.ConstantExpression@6a3960[value=], java.vm.specification.vendor=org.apache.commons.jelly.expression.ConstantExpression@1dccedd[value=Sun Microsystems Inc.], java.runtime.version=org.apache.commons.jelly.expression.ConstantExpression@1911540[value=1.4.2-b28], maven.repo.remote.enabled=org.apache.commons.jelly.expression.ConstantExpression@a4488[value=true], maven.jar.classpath=org.apache.commons.jelly.expression.ConstantExpression@19762f[value=templates . templates/pom.vm pom.vm], systemScope={java.runtime.name=Java(TM) 2 Runtime Environment, Standard Edition, sun.boot.library.path=E:\JDK\j2sdk1.4.2\jre\bin, java.vm.version=1.4.2-b28, java.vm.vendor=Sun Microsystems Inc., java.vendor.url=http://java.sun.com/, path.separator=;, java.vm.name=Java HotSpot(TM) Client VM, file.encoding.pkg=sun.io, user.country=DK, sun.os.patch.level=Service Pack 1, java.vm.specification.name=Java Virtual Machine Specification, user.dir=C:\eclipse_work\LibToMavenDependencies, java.runtime.version=1.4.2-b28, forehead.conf.file=C:\Programmer\Apache Software Foundation\Maven 1.0\bin\forehead.conf, java.awt.graphicsenv=sun.awt.Win32GraphicsEnvironment, java.endorsed.dirs=E:\JDK\j2sdk1.4.2\lib\endorsed;C:\Programmer\Apache Software Foundation\Maven 1.0\lib\endorsed, os.arch=x86, java.io.tmpdir=C:\DOCUME~1\jesper\LOKALE~1\Temp\, line.separator=
, java.vm.specification.vendor=Sun Microsystems Inc., user.variant=, os.name=Windows XP, sun.java2d.fontpath=, tools.jar=E:\JDK\j2sdk1.4.2\lib\tools.jar, javax.xml.parsers.SAXParserFactory=org.apache.xerces.jaxp.SAXParserFactoryImpl, java.library.path=E:\JDK\j2sdk1.4.2\bin;.;C:\WINDOWS\System32;C:\WINDOWS;E:\JDK\j2sdk1.4.2\bin;C:\WINDOWS\system32;C:\WINDOWS;C:\WINDOWS\System32\Wbem;C:\Programmer\ATI Technologies\ATI Control Panel;C:\Programmer\FÃ¦lles filer\OpSession\Shared;C:\Programmer\FÃ¦lles filer\OpSession\Viewer Shared;E:\LIBS\jtb\bin;E:\bat;E:\LIBS\javacc-3.2\bin;E:\LIBS\apache-ant-1.5.3Beta1\bin;C:\Programmer\3dMax5\backburner2\;C:\Programmer\Fælles filer\Autodesk Shared\;E:\assembler\hla;E:\assembler\hla\radasm;E:\assembler\hla\radasm\addins;C:\Programmer\GNU\WinCvs 1.3\CVSNT;E:\putty;E:\LIBS\jad\;C:\Programmer\WinAbility\Folder Guard Lite\;E:\LIBS\cruisecontrol-2.1.5\main\bin;E:\cygwin\bin\;E:\LIBS\jspider\bin;C:\Programmer\Apache Software Foundation\Maven 1.0\bin;C:\Programmer\Microsoft SQL Server\90\Tools\Binn\;E:\smalltalk\objectStudio\dllw32;C:\Program Files\ObjectStudio\;C:\Program Files\ObjectStudio\dllw32, java.specification.name=Java Platform API Specification, java.class.version=48.0, java.util.prefs.PreferencesFactory=java.util.prefs.WindowsPreferencesFactory, os.version=5.1, maven.mode.online=true, user.home=C:\Documents and Settings\jesper, user.timezone=Europe/Paris, java.awt.printerjob=sun.awt.windows.WPrinterJob, file.encoding=Cp1252, java.specification.version=1.4, java.class.path=C:\Programmer\Apache Software Foundation\Maven 1.0\lib\forehead-1.0-beta-5.jar, user.name=jesper, java.vm.specification.version=1.0, java.home=E:\JDK\j2sdk1.4.2\jre, sun.arch.data.model=32, user.language=da, java.specification.vendor=Sun Microsystems Inc., awt.toolkit=sun.awt.windows.WToolkit, java.vm.info=mixed mode, java.version=1.4.2, java.ext.dirs=E:\JDK\j2sdk1.4.2\jre\lib\ext, sun.boot.class.path=C:\Programmer\Apache Software Foundation\Maven 1.0\lib\endorsed\xerces-2.4.0.jar;C:\Programmer\Apache Software Foundation\Maven 1.0\lib\endorsed\xml-apis-1.0.b2.jar;E:\JDK\j2sdk1.4.2\jre\lib\rt.jar;E:\JDK\j2sdk1.4.2\jre\lib\i18n.jar;E:\JDK\j2sdk1.4.2\jre\lib\sunrsasign.jar;E:\JDK\j2sdk1.4.2\jre\lib\jsse.jar;E:\JDK\j2sdk1.4.2\jre\lib\jce.jar;E:\JDK\j2sdk1.4.2\jre\lib\charsets.jar;E:\JDK\j2sdk1.4.2\jre\classes, javax.xml.parsers.DocumentBuilderFactory=org.apache.xerces.jaxp.DocumentBuilderFactoryImpl, java.vendor=Sun Microsystems Inc., maven.home=C:\Programmer\Apache Software Foundation\Maven 1.0, file.separator=\, java.vendor.url.bug=http://java.sun.com/cgi-bin/bugreport.cgi, sun.io.unicode.encoding=UnicodeLittle, sun.cpu.endian=little, sun.cpu.isalist=pentium i486 i386}, user.name=org.apache.commons.jelly.expression.ConstantExpression@19e215b[value=jesper], maven.debugOn=false, maven.compile.debug=org.apache.commons.jelly.expression.ConstantExpression@9ff0a8[value=on], maven.repo.local=org.apache.commons.jelly.expression.CompositeExpression@70be88[expressions=[org.apache.commons.jelly.expression.jexl.JexlExpressionFactory$ExpressionSupportLocal@1ecfe07[expression:maven.home.local], org.apache.commons.jelly.expression.ConstantExpression@199939[value=/repository]]], maven.defaults.loaded=org.apache.commons.jelly.expression.ConstantExpression@9a9b65[value=true], javax.xml.parsers.SAXParserFactory=org.apache.commons.jelly.expression.ConstantExpression@502819[value=org.apache.xerces.jaxp.SAXParserFactoryImpl], maven.docs.omitXmlDeclaration=org.apache.commons.jelly.expression.ConstantExpression@78aa80[value=false], user.language=org.apache.commons.jelly.expression.ConstantExpression@1d98a[value=da], sun.boot.library.path=org.apache.commons.jelly.expression.ConstantExpression@1712651[value=E:\JDK\j2sdk1.4.2\jre\bin], maven.build.dest=org.apache.commons.jelly.expression.CompositeExpression@18aab40[expressions=[org.apache.commons.jelly.expression.jexl.JexlExpressionFactory$ExpressionSupportLocal@f102d3[expression:maven.build.dir], org.apache.commons.jelly.expression.ConstantExpression@f07355[value=/classes]]], maven.xmlOutput=org.apache.commons.jelly.XMLOutput$1@23f1bb[contentHandler=org.dom4j.io.XMLWriter@1d33a6b;lexicalHandler=org.dom4j.io.XMLWriter@1d33a6b], maven.plugin.user.dir=org.apache.commons.jelly.expression.CompositeExpression@a0864f[expressions=[org.apache.commons.jelly.expression.jexl.JexlExpressionFactory$ExpressionSupportLocal@d1e233[expression:maven.home.local], org.apache.commons.jelly.expression.ConstantExpression@15983b7[value=/plugins]]], java.version=org.apache.commons.jelly.expression.ConstantExpression@1d6747b[value=1.4.2], user.timezone=org.apache.commons.jelly.expression.ConstantExpression@7976c1[value=], sun.arch.data.model=org.apache.commons.jelly.expression.ConstantExpression@6397eb[value=32], java.endorsed.dirs=org.apache.commons.jelly.expression.ConstantExpression@8aeb74[value=E:\JDK\j2sdk1.4.2\lib\endorsed;C:\Programmer\Apache Software Foundation\Maven 1.0\lib\endorsed], sun.cpu.isalist=org.apache.commons.jelly.expression.ConstantExpression@6835fb[value=pentium i486 i386], maven.property.inheritance=org.apache.commons.jelly.expression.ConstantExpression@1b01afa[value=true], file.encoding.pkg=org.apache.commons.jelly.expression.ConstantExpression@bb494b[value=sun.io], file.separator=org.apache.commons.jelly.expression.ConstantExpression@1c8efd1[value=\], java.specification.name=org.apache.commons.jelly.expression.ConstantExpression@f892a4[value=Java Platform API Specification], maven.src.dir=org.apache.commons.jelly.expression.CompositeExpression@1636e4e[expressions=[org.apache.commons.jelly.expression.jexl.JexlExpressionFactory$ExpressionSupportLocal@df0438[expression:basedir], org.apache.commons.jelly.expression.ConstantExpression@18e261d[value=/src]]], java.class.version=org.apache.commons.jelly.expression.ConstantExpression@1684706[value=48.0], user.country=org.apache.commons.jelly.expression.ConstantExpression@10efd7c[value=DK], maven.repo.central=org.apache.commons.jelly.expression.ConstantExpression@12412e7[value=login.ibiblio.org], java.home=org.apache.commons.jelly.expression.ConstantExpression@1552b76[value=E:\JDK\j2sdk1.4.2\jre], javax.xml.parsers.DocumentBuilderFactory=org.apache.commons.jelly.expression.ConstantExpression@988707[value=org.apache.xerces.jaxp.DocumentBuilderFactoryImpl], forehead.conf.file=org.apache.commons.jelly.expression.ConstantExpression@1c8ef56[value=C:\Programmer\Apache Software Foundation\Maven 1.0\bin\forehead.conf], java.vm.info=org.apache.commons.jelly.expression.ConstantExpression@d90453[value=mixed mode], maven.jar.manifest.classpath.add=org.apache.commons.jelly.expression.ConstantExpression@1ab11b0[value=true], os.version=org.apache.commons.jelly.expression.ConstantExpression@165b7e[value=5.1], maven.conf.dir=org.apache.commons.jelly.expression.CompositeExpression@1d0d124[expressions=[org.apache.commons.jelly.expression.jexl.JexlExpressionFactory$ExpressionSupportLocal@52c6b4[expression:basedir], org.apache.commons.jelly.expression.ConstantExpression@738d08[value=/conf]]], path.separator=org.apache.commons.jelly.expression.ConstantExpression@302e67[value=;], java.vm.version=org.apache.commons.jelly.expression.ConstantExpression@136a1a1[value=1.4.2-b28], maven.build.dir=org.apache.commons.jelly.expression.CompositeExpression@1ad6b4b[expressions=[org.apache.commons.jelly.expression.jexl.JexlExpressionFactory$ExpressionSupportLocal@5f2db0[expression:basedir], org.apache.commons.jelly.expression.ConstantExpression@b0a3f5[value=/target]]], maven.jar.mainclass=org.apache.commons.jelly.expression.ConstantExpression@dc41c5[value=dk.linvald.libtomavendependencies.gui.Main], java.util.prefs.PreferencesFactory=org.apache.commons.jelly.expression.ConstantExpression@6214f5[value=java.util.prefs.WindowsPreferencesFactory], user.variant=org.apache.commons.jelly.expression.ConstantExpression@14e113b[value=], maven.ssh.executable=org.apache.commons.jelly.expression.ConstantExpression@4d76b4[value=ssh], maven.emacsModeOn=false, java.awt.printerjob=org.apache.commons.jelly.expression.ConstantExpression@1ac5f13[value=sun.awt.windows.WPrinterJob], sun.io.unicode.encoding=org.apache.commons.jelly.expression.ConstantExpression@195dd5b[value=UnicodeLittle], awt.toolkit=org.apache.commons.jelly.expression.ConstantExpression@1f78b68[value=sun.awt.windows.WToolkit], maven.compile.optimize=org.apache.commons.jelly.expression.ConstantExpression@e183e9[value=off], user.home=org.apache.commons.jelly.expression.ConstantExpression@19b46dc[value=C:\Documents and Settings\jesper], java.specification.vendor=org.apache.commons.jelly.expression.ConstantExpression@1493102[value=Sun Microsystems Inc.], maven.final.dir=org.apache.commons.jelly.expression.CompositeExpression@30ae41[expressions=[org.apache.commons.jelly.expression.jexl.JexlExpressionFactory$ExpressionSupportLocal@4204[expression:basedir], org.apache.commons.jelly.expression.ConstantExpression@ee1ede[value=/], org.apache.commons.jelly.expression.jexl.JexlExpressionFactory$ExpressionSupportLocal@12c8fa8[expression:maven.final.name]]], maven.build.src=org.apache.commons.jelly.expression.CompositeExpression@8b8a47[expressions=[org.apache.commons.jelly.expression.jexl.JexlExpressionFactory$ExpressionSupportLocal@1236cd5[expression:maven.build.dir], org.apache.commons.jelly.expression.ConstantExpression@be49e0[value=/src]]], maven.build=org.apache.commons.jelly.expression.ConstantExpression@e41bc3[value=MAVEN_BUILD_NOT_SET], java.library.path=org.apache.commons.jelly.expression.ConstantExpression@1dacccc[value=E:\JDK\j2sdk1.4.2\bin;.;C:\WINDOWS\System32;C:\WINDOWS;E:\JDK\j2sdk1.4.2\bin;C:\WINDOWS\system32;C:\WINDOWS;C:\WINDOWS\System32\Wbem;C:\Programmer\ATI Technologies\ATI Control Panel;C:\Programmer\FÃ¦lles filer\OpSession\Shared;C:\Programmer\FÃ¦lles filer\OpSession\Viewer Shared;E:\LIBS\jtb\bin;E:\bat;E:\LIBS\javacc-3.2\bin;E:\LIBS\apache-ant-1.5.3Beta1\bin;C:\Programmer\3dMax5\backburner2\;C:\Programmer\Fælles filer\Autodesk Shared\;E:\assembler\hla;E:\assembler\hla\radasm;E:\assembler\hla\radasm\addins;C:\Programmer\GNU\WinCvs 1.3\CVSNT;E:\putty;E:\LIBS\jad\;C:\Programmer\WinAbility\Folder Guard Lite\;E:\LIBS\cruisecontrol-2.1.5\main\bin;E:\cygwin\bin\;E:\LIBS\jspider\bin;C:\Programmer\Apache Software Foundation\Maven 1.0\bin;C:\Programmer\Microsoft SQL Server\90\Tools\Binn\;E:\smalltalk\objectStudio\dllw32;C:\Program Files\ObjectStudio\;C:\Program Files\ObjectStudio\dllw32], java.vendor.url=org.apache.commons.jelly.expression.ConstantExpression@1bb9a58[value=http://java.sun.com/], java.vm.vendor=org.apache.commons.jelly.expression.ConstantExpression@1922f46[value=Sun Microsystems Inc.], maven.username=org.apache.commons.jelly.expression.ConstantExpression@5dc994[value=USERNAME_NOT_SET], maven.home=org.apache.commons.jelly.expression.ConstantExpression@15d3388[value=C:\Programmer\Apache Software Foundation\Maven 1.0], java.runtime.name=org.apache.commons.jelly.expression.ConstantExpression@1e2670b[value=Java(TM) 2 Runtime Environment, Standard Edition], java.class.path=org.apache.commons.jelly.expression.ConstantExpression@db23f1[value=C:\Programmer\Apache Software Foundation\Maven 1.0\lib\forehead-1.0-beta-5.jar], maven.remote.group=org.apache.commons.jelly.expression.ConstantExpression@114b82b[value=maven], maven.gen.docs=org.apache.commons.jelly.expression.CompositeExpression@147358f[expressions=[org.apache.commons.jelly.expression.jexl.JexlExpressionFactory$ExpressionSupportLocal@d5eb7[expression:maven.build.dir], org.apache.commons.jelly.expression.ConstantExpression@1c54796[value=/generated-xdocs]]], context=org.apache.maven.jelly.MavenJellyContext@ded0f0, maven.distDirectory=org.apache.commons.jelly.expression.CompositeExpression@676e3f[expressions=[org.apache.commons.jelly.expression.jexl.JexlExpressionFactory$ExpressionSupportLocal@770d2e[expression:basedir], org.apache.commons.jelly.expression.ConstantExpression@27982[value=/dist]]], maven.docs.dest=org.apache.commons.jelly.expression.CompositeExpression@778255[expressions=[org.apache.commons.jelly.expression.jexl.JexlExpressionFactory$ExpressionSupportLocal@da90c[expression:maven.build.dir], org.apache.commons.jelly.expression.ConstantExpression@d58939[value=/docs]]], java.vm.specification.name=org.apache.commons.jelly.expression.ConstantExpression@124111a[value=Java Virtual Machine Specification], maven.compile.deprecation=org.apache.commons.jelly.expression.ConstantExpression@dec8b3[value=off], maven.docs.outputencoding=org.apache.commons.jelly.expression.ConstantExpression@4a7df6[value=ISO-8859-1], java.vm.specification.version=org.apache.commons.jelly.expression.ConstantExpression@93df2c[value=1.0], sun.cpu.endian=org.apache.commons.jelly.expression.ConstantExpression@20f443[value=little], sun.os.patch.level=org.apache.commons.jelly.expression.ConstantExpression@18488ef[value=Service Pack 1], maven.plugin.unpacked.dir=org.apache.commons.jelly.expression.CompositeExpression@3a1834[expressions=[org.apache.commons.jelly.expression.jexl.JexlExpressionFactory$ExpressionSupportLocal@b1cd0[expression:maven.home.local], org.apache.commons.jelly.expression.ConstantExpression@190a0d6[value=/cache]]], java.io.tmpdir=org.apache.commons.jelly.expression.ConstantExpression@2f729e[value=C:\DOCUME~1\jesper\LOKALE~1\Temp\], maven.scp.executable=org.apache.commons.jelly.expression.ConstantExpression@10deb5f[value=scp], java.vendor.url.bug=org.apache.commons.jelly.expression.ConstantExpression@d7b7d9[value=http://java.sun.com/cgi-bin/bugreport.cgi], maven.final.name=org.apache.commons.jelly.expression.CompositeExpression@671f95[expressions=[org.apache.commons.jelly.expression.jexl.JexlExpressionFactory$ExpressionSupportLocal@4a9a7d[expression:pom.artifactId], org.apache.commons.jelly.expression.ConstantExpression@1e4a47e[value=-], org.apache.commons.jelly.expression.jexl.JexlExpressionFactory$ExpressionSupportLocal@1eb5666[expression:pom.currentVersion]]], maven.distBuildIndicator=org.apache.commons.jelly.expression.ConstantExpression@1754699[value=DIST_BUILD_DIRECTORY], os.arch=org.apache.commons.jelly.expression.ConstantExpression@6e1dec[value=x86], java.awt.graphicsenv=org.apache.commons.jelly.expression.ConstantExpression@16ea269[value=sun.awt.Win32GraphicsEnvironment], java.ext.dirs=org.apache.commons.jelly.expression.ConstantExpression@68cb6b[value=E:\JDK\j2sdk1.4.2\jre\lib\ext], user.dir=org.apache.commons.jelly.expression.ConstantExpression@2e323[value=C:\eclipse_work\LibToMavenDependencies], maven.docs.src=org.apache.commons.jelly.expression.CompositeExpression@18e4327[expressions=[org.apache.commons.jelly.expression.jexl.JexlExpressionFactory$ExpressionSupportLocal@dada24[expression:basedir], org.apache.commons.jelly.expression.ConstantExpression@2798e7[value=/xdocs]]], line.separator=org.apache.commons.jelly.expression.ConstantExpression@1a78071[value=
], java.vm.name=org.apache.commons.jelly.expression.ConstantExpression@1e184cb[value=Java HotSpot(TM) Client VM], basedir=C:\eclipse_work\LibToMavenDependencies, maven.plugin.dir=org.apache.commons.jelly.expression.CompositeExpression@d55986[expressions=[org.apache.commons.jelly.expression.jexl.JexlExpressionFactory$ExpressionSupportLocal@e8a021[expression:maven.home], org.apache.commons.jelly.expression.ConstantExpression@691177[value=/plugins]]], file.encoding=org.apache.commons.jelly.expression.ConstantExpression@1f99eea[value=Cp1252], maven.repo.remote=org.apache.commons.jelly.expression.ConstantExpression@13043d2[value=http://www.ibiblio.org/maven], java.specification.version=org.apache.commons.jelly.expression.ConstantExpression@1b4c1d7[value=1.4], maven.home.local=org.apache.commons.jelly.expression.CompositeExpression@221e9e[expressions=[org.apache.commons.jelly.expression.jexl.JexlExpressionFactory$ExpressionSupportLocal@83e1e[expression:user.home], org.apache.commons.jelly.expression.ConstantExpression@1264eab[value=/.maven]]], maven.repo.central.directory=org.apache.commons.jelly.expression.ConstantExpression@1f6f27b[value=/public/html/maven]}"></property>
    <property name="maven.artifact.manifest.template" value="manifest.vm"></property>
    <property name="maven.plugin.dir" value="C:\Programmer\Apache Software Foundation\Maven 1.0/plugins"></property>
    <property name="org.apache.commons.jelly.werkz.Project" value="[Werkz: goals={license:transfer=[Goal: name=&quot;license:transfer&quot;]; precursor=[[Goal: name=&quot;xdoc:init&quot;]; precursor=[]]]], test:test=[Goal: name=&quot;test:test&quot;]; precursor=[[Goal: name=&quot;test:compile&quot;]; precursor=[[Goal: name=&quot;java:compile&quot;]; precursor=[[Goal: name=&quot;java:prepare-filesystem&quot;]; precursor=[]]]], [Goal: name=&quot;java:jar-resources&quot;]; precursor=[]], [Goal: name=&quot;test:prepare-filesystem&quot;]; precursor=[]], [Goal: name=&quot;test:test-resources&quot;]; precursor=[[Goal: name=&quot;test:prepare-filesystem&quot;]; precursor=[]]]]]]]], xdoc:jelly-init=[Goal: name=&quot;xdoc:jelly-init&quot;]; precursor=[]], pom:deploy=[Goal: name=&quot;pom:deploy&quot;]; precursor=[]], test:single=[Goal: name=&quot;test:single&quot;]; precursor=[[Goal: name=&quot;test:compile&quot;]; precursor=[[Goal: name=&quot;java:compile&quot;]; precursor=[[Goal: name=&quot;java:prepare-filesystem&quot;]; precursor=[]]]], [Goal: name=&quot;java:jar-resources&quot;]; precursor=[]], [Goal: name=&quot;test:prepare-filesystem&quot;]; precursor=[]], [Goal: name=&quot;test:test-resources&quot;]; precursor=[[Goal: name=&quot;test:prepare-filesystem&quot;]; precursor=[]]]]]]]], build:end=[Goal: name=&quot;build:end&quot;]; precursor=[]], test:single-test=[Goal: name=&quot;test:single-test&quot;]; precursor=[]], jar:snapshot=[Goal: name=&quot;jar:snapshot&quot;]; precursor=[]], jar:install=[Goal: name=&quot;jar:install&quot;]; precursor=[[Goal: name=&quot;jar:jar&quot;]; precursor=[[Goal: name=&quot;test:test&quot;]; precursor=[[Goal: name=&quot;test:compile&quot;]; precursor=[[Goal: name=&quot;java:compile&quot;]; precursor=[[Goal: name=&quot;java:prepare-filesystem&quot;]; precursor=[]]]], [Goal: name=&quot;java:jar-resources&quot;]; precursor=[]], [Goal: name=&quot;test:prepare-filesystem&quot;]; precursor=[]], [Goal: name=&quot;test:test-resources&quot;]; precursor=[[Goal: name=&quot;test:prepare-filesystem&quot;]; precursor=[]]]]]]]]]]]], jar:install-snapshot=[Goal: name=&quot;jar:install-snapshot&quot;]; precursor=[[Goal: name=&quot;jar:jar&quot;]; precursor=[[Goal: name=&quot;test:test&quot;]; precursor=[[Goal: name=&quot;test:compile&quot;]; precursor=[[Goal: name=&quot;java:compile&quot;]; precursor=[[Goal: name=&quot;java:prepare-filesystem&quot;]; precursor=[]]]], [Goal: name=&quot;java:jar-resources&quot;]; precursor=[]], [Goal: name=&quot;test:prepare-filesystem&quot;]; precursor=[]], [Goal: name=&quot;test:test-resources&quot;]; precursor=[[Goal: name=&quot;test:prepare-filesystem&quot;]; precursor=[]]]]]]]]]]]], pom:deploy-snapshot=[Goal: name=&quot;pom:deploy-snapshot&quot;]; precursor=[]], xdoc:generate-from-pom=[Goal: name=&quot;xdoc:generate-from-pom&quot;]; precursor=[[Goal: name=&quot;xdoc:init&quot;]; precursor=[]], [Goal: name=&quot;xdoc:register-reports&quot;]; precursor=[]]]], xdoc:init=[Goal: name=&quot;xdoc:init&quot;]; precursor=[]], maven-license-plugin:register=[Goal: name=&quot;maven-license-plugin:register&quot;]; precursor=[]], xdoc:transform=[Goal: name=&quot;xdoc:transform&quot;]; precursor=[[Goal: name=&quot;xdoc:init&quot;]; precursor=[]]]], pom:contentvalidate=[Goal: name=&quot;pom:contentvalidate&quot;]; precursor=[]], test=[Goal: name=&quot;test&quot;]; precursor=[[Goal: name=&quot;test:test&quot;]; precursor=[[Goal: name=&quot;test:compile&quot;]; precursor=[[Goal: name=&quot;java:compile&quot;]; precursor=[[Goal: name=&quot;java:prepare-filesystem&quot;]; precursor=[]]]], [Goal: name=&quot;java:jar-resources&quot;]; precursor=[]], [Goal: name=&quot;test:prepare-filesystem&quot;]; precursor=[]], [Goal: name=&quot;test:test-resources&quot;]; precursor=[[Goal: name=&quot;test:prepare-filesystem&quot;]; precursor=[]]]]]]]]]], xdoc:jelly-transform=[Goal: name=&quot;xdoc:jelly-transform&quot;]; precursor=[[Goal: name=&quot;xdoc:init&quot;]; precursor=[]], [Goal: name=&quot;xdoc:jelly-init&quot;]; precursor=[]], [Goal: name=&quot;xdoc:register-reports&quot;]; precursor=[]]]], artifact:load=[Goal: name=&quot;artifact:load&quot;]; precursor=[]], java:compile=[Goal: name=&quot;java:compile&quot;]; precursor=[[Goal: name=&quot;java:prepare-filesystem&quot;]; precursor=[]]]], license=[Goal: name=&quot;license&quot;]; precursor=[[Goal: name=&quot;license:transfer&quot;]; precursor=[[Goal: name=&quot;xdoc:init&quot;]; precursor=[]]]]]], jar:deploy-snapshot=[Goal: name=&quot;jar:deploy-snapshot&quot;]; precursor=[[Goal: name=&quot;jar:jar&quot;]; precursor=[[Goal: name=&quot;test:test&quot;]; precursor=[[Goal: name=&quot;test:compile&quot;]; precursor=[[Goal: name=&quot;java:compile&quot;]; precursor=[[Goal: name=&quot;java:prepare-filesystem&quot;]; precursor=[]]]], [Goal: name=&quot;java:jar-resources&quot;]; precursor=[]], [Goal: name=&quot;test:prepare-filesystem&quot;]; precursor=[]], [Goal: name=&quot;test:test-resources&quot;]; precursor=[[Goal: name=&quot;test:prepare-filesystem&quot;]; precursor=[]]]]]]]]]]]], build:start=[Goal: name=&quot;build:start&quot;]; precursor=[]], test:prepare-filesystem=[Goal: name=&quot;test:prepare-filesystem&quot;]; precursor=[]], maven-license-plugin:report=[Goal: name=&quot;maven-license-plugin:report&quot;]; precursor=[]], jar:jar=[Goal: name=&quot;jar:jar&quot;]; precursor=[[Goal: name=&quot;test:test&quot;]; precursor=[[Goal: name=&quot;test:compile&quot;]; precursor=[[Goal: name=&quot;java:compile&quot;]; precursor=[[Goal: name=&quot;java:prepare-filesystem&quot;]; precursor=[]]]], [Goal: name=&quot;java:jar-resources&quot;]; precursor=[]], [Goal: name=&quot;test:prepare-filesystem&quot;]; precursor=[]], [Goal: name=&quot;test:test-resources&quot;]; precursor=[[Goal: name=&quot;test:prepare-filesystem&quot;]; precursor=[]]]]]]]]]], pom:install=[Goal: name=&quot;pom:install&quot;]; precursor=[]], xdoc:validate=[Goal: name=&quot;xdoc:validate&quot;]; precursor=[[Goal: name=&quot;pom:taglib&quot;]; precursor=[]]]], xdoc=[Goal: name=&quot;xdoc&quot;]; precursor=[[Goal: name=&quot;xdoc:generate-from-pom&quot;]; precursor=[[Goal: name=&quot;xdoc:init&quot;]; precursor=[]], [Goal: name=&quot;xdoc:register-reports&quot;]; precursor=[]]]], [Goal: name=&quot;xdoc:transform&quot;]; precursor=[[Goal: name=&quot;xdoc:init&quot;]; precursor=[]]]]]], test:test-resources=[Goal: name=&quot;test:test-resources&quot;]; precursor=[[Goal: name=&quot;test:prepare-filesystem&quot;]; precursor=[]]]], xdoc:performJSL=[Goal: name=&quot;xdoc:performJSL&quot;]; precursor=[]], jar:deploy=[Goal: name=&quot;jar:deploy&quot;]; precursor=[[Goal: name=&quot;jar:jar&quot;]; precursor=[[Goal: name=&quot;test:test&quot;]; precursor=[[Goal: name=&quot;test:compile&quot;]; precursor=[[Goal: name=&quot;java:compile&quot;]; precursor=[[Goal: name=&quot;java:prepare-filesystem&quot;]; precursor=[]]]], [Goal: name=&quot;java:jar-resources&quot;]; precursor=[]], [Goal: name=&quot;test:prepare-filesystem&quot;]; precursor=[]], [Goal: name=&quot;test:test-resources&quot;]; precursor=[[Goal: name=&quot;test:prepare-filesystem&quot;]; precursor=[]]]]]]]]]]]], test:compile=[Goal: name=&quot;test:compile&quot;]; precursor=[[Goal: name=&quot;java:compile&quot;]; precursor=[[Goal: name=&quot;java:prepare-filesystem&quot;]; precursor=[]]]], [Goal: name=&quot;java:jar-resources&quot;]; precursor=[]], [Goal: name=&quot;test:prepare-filesystem&quot;]; precursor=[]], [Goal: name=&quot;test:test-resources&quot;]; precursor=[[Goal: name=&quot;test:prepare-filesystem&quot;]; precursor=[]]]]]], xdoc:copy-resources=[Goal: name=&quot;xdoc:copy-resources&quot;]; precursor=[[Goal: name=&quot;xdoc:init&quot;]; precursor=[]]]], test:ui=[Goal: name=&quot;test:ui&quot;]; precursor=[[Goal: name=&quot;test:compile&quot;]; precursor=[[Goal: name=&quot;java:compile&quot;]; precursor=[[Goal: name=&quot;java:prepare-filesystem&quot;]; precursor=[]]]], [Goal: name=&quot;java:jar-resources&quot;]; precursor=[]], [Goal: name=&quot;test:prepare-filesystem&quot;]; precursor=[]], [Goal: name=&quot;test:test-resources&quot;]; precursor=[[Goal: name=&quot;test:prepare-filesystem&quot;]; precursor=[]]]]]]]], xdoc:copy-user-resources=[Goal: name=&quot;xdoc:copy-user-resources&quot;]; precursor=[[Goal: name=&quot;xdoc:init&quot;]; precursor=[]]]], pom:install-snapshot=[Goal: name=&quot;pom:install-snapshot&quot;]; precursor=[]], maven-license-plugin:deregister=[Goal: name=&quot;maven-license-plugin:deregister&quot;]; precursor=[]], jar=[Goal: name=&quot;jar&quot;]; precursor=[[Goal: name=&quot;jar:jar&quot;]; precursor=[[Goal: name=&quot;test:test&quot;]; precursor=[[Goal: name=&quot;test:compile&quot;]; precursor=[[Goal: name=&quot;java:compile&quot;]; precursor=[[Goal: name=&quot;java:prepare-filesystem&quot;]; precursor=[]]]], [Goal: name=&quot;java:jar-resources&quot;]; precursor=[]], [Goal: name=&quot;test:prepare-filesystem&quot;]; precursor=[]], [Goal: name=&quot;test:test-resources&quot;]; precursor=[[Goal: name=&quot;test:prepare-filesystem&quot;]; precursor=[]]]]]]]]]]]], pom:validate=[Goal: name=&quot;pom:validate&quot;]; precursor=[[Goal: name=&quot;pom:verify-version&quot;]; precursor=[]]]], test:match-test=[Goal: name=&quot;test:match-test&quot;]; precursor=[]], java:prepare-filesystem=[Goal: name=&quot;java:prepare-filesystem&quot;]; precursor=[]], xdoc:register-reports=[Goal: name=&quot;xdoc:register-reports&quot;]; precursor=[]], pom:taglib=[Goal: name=&quot;pom:taglib&quot;]; precursor=[]], xdoc:dump-report-settings=[Goal: name=&quot;xdoc:dump-report-settings&quot;]; precursor=[]], antlr:prepare-filesystem=[Goal: name=&quot;antlr:prepare-filesystem&quot;]; precursor=[]], java:jar-resources=[Goal: name=&quot;java:jar-resources&quot;]; precursor=[]], pom:verify-version=[Goal: name=&quot;pom:verify-version&quot;]; precursor=[]], test:match=[Goal: name=&quot;test:match&quot;]; precursor=[[Goal: name=&quot;test:compile&quot;]; precursor=[[Goal: name=&quot;java:compile&quot;]; precursor=[[Goal: name=&quot;java:prepare-filesystem&quot;]; precursor=[]]]], [Goal: name=&quot;java:jar-resources&quot;]; precursor=[]], [Goal: name=&quot;test:prepare-filesystem&quot;]; precursor=[]], [Goal: name=&quot;test:test-resources&quot;]; precursor=[[Goal: name=&quot;test:prepare-filesystem&quot;]; precursor=[]]]]]]]], test:eclipse=[Goal: name=&quot;test:eclipse&quot;]; precursor=[]], antlr:generate=[Goal: name=&quot;antlr:generate&quot;]; precursor=[[Goal: name=&quot;antlr:prepare-filesystem&quot;]; precursor=[]]]], pom=[Goal: name=&quot;pom&quot;]; precursor=[[Goal: name=&quot;pom:validate&quot;]; precursor=[[Goal: name=&quot;pom:verify-version&quot;]; precursor=[]]]]]], java:jar=[Goal: name=&quot;java:jar&quot;]; precursor=[[Goal: name=&quot;jar:jar&quot;]; precursor=[[Goal: name=&quot;test:test&quot;]; precursor=[[Goal: name=&quot;test:compile&quot;]; precursor=[[Goal: name=&quot;java:compile&quot;]; precursor=[[Goal: name=&quot;java:prepare-filesystem&quot;]; precursor=[]]]], [Goal: name=&quot;java:jar-resources&quot;]; precursor=[]], [Goal: name=&quot;test:prepare-filesystem&quot;]; precursor=[]], [Goal: name=&quot;test:test-resources&quot;]; precursor=[[Goal: name=&quot;test:prepare-filesystem&quot;]; precursor=[]]]]]]]]]]]]};]"></property>
    <property name="java.awt.printerjob" value="sun.awt.windows.WPrinterJob"></property>
    <property name="forehead.conf.file" value="C:\Programmer\Apache Software Foundation\Maven 1.0\bin\forehead.conf"></property>
    <property name="maven.final.name" value="lib2repo-1.0"></property>
    <property name="maven.jar.manifest" value="C:\eclipse_work\LibToMavenDependencies/conf/Manifest.mf"></property>
    <property name="maven.xdoc.distributionType" value="jar"></property>
    <property name="maven.scp.executable" value="scp"></property>
    <property name="maven.docs.dest" value="C:\eclipse_work\LibToMavenDependencies/target/docs"></property>
    <property name="os.name" value="Windows XP"></property>
    <property name="java.specification.vendor" value="Sun Microsystems Inc."></property>
    <property name="maven.docs.src" value="C:\eclipse_work\LibToMavenDependencies/xdocs"></property>
    <property name="java.vm.name" value="Java HotSpot(TM) Client VM"></property>
    <property name="java.library.path" value="E:\JDK\j2sdk1.4.2\bin;.;C:\WINDOWS\System32;C:\WINDOWS;E:\JDK\j2sdk1.4.2\bin;C:\WINDOWS\system32;C:\WINDOWS;C:\WINDOWS\System32\Wbem;C:\Programmer\ATI Technologies\ATI Control Panel;C:\Programmer\FÃ¦lles filer\OpSession\Shared;C:\Programmer\FÃ¦lles filer\OpSession\Viewer Shared;E:\LIBS\jtb\bin;E:\bat;E:\LIBS\javacc-3.2\bin;E:\LIBS\apache-ant-1.5.3Beta1\bin;C:\Programmer\3dMax5\backburner2\;C:\Programmer\Fælles filer\Autodesk Shared\;E:\assembler\hla;E:\assembler\hla\radasm;E:\assembler\hla\radasm\addins;C:\Programmer\GNU\WinCvs 1.3\CVSNT;E:\putty;E:\LIBS\jad\;C:\Programmer\WinAbility\Folder Guard Lite\;E:\LIBS\cruisecontrol-2.1.5\main\bin;E:\cygwin\bin\;E:\LIBS\jspider\bin;C:\Programmer\Apache Software Foundation\Maven 1.0\bin;C:\Programmer\Microsoft SQL Server\90\Tools\Binn\;E:\smalltalk\objectStudio\dllw32;C:\Program Files\ObjectStudio\;C:\Program Files\ObjectStudio\dllw32"></property>
    <property name="maven.build" value="MAVEN_BUILD_NOT_SET"></property>
    <property name="ant.java.version" value="1.4"></property>
    <property name="maven.jar.compress" value="true"></property>
    <property name="basedir" value="C:\eclipse_work\LibToMavenDependencies"></property>
    <property name="java.class.version" value="48.0"></property>
    <property name="dir__" value="C:\eclipse_work\LibToMavenDependencies\src\testX"></property>
    <property name="maven.xdoc.poweredby.url" value="http://maven.apache.org/"></property>
    <property name="maven.final.dir" value="C:\eclipse_work\LibToMavenDependencies/lib2repo-1.0"></property>
    <property name="maven.xdoc.developmentProcessUrl" value="http://maven.apache.org/development-process.html"></property>
    <property name="maven.mode.online" value="true"></property>
    <property name="maven.test.dest" value="C:\eclipse_work\LibToMavenDependencies/target/test-classes"></property>
    <property name="maven.session.global" value="com.werken.werkz.jelly.JellySession@1a99347"></property>
    <property name="maven.xmlOutput" value="org.apache.commons.jelly.XMLOutput$1@23f1bb[contentHandler=org.dom4j.io.XMLWriter@1d33a6b;lexicalHandler=org.dom4j.io.XMLWriter@1d33a6b]"></property>
    <property name="maven.test.skip" value="false"></property>
    <property name="maven.src.dir" value="C:\eclipse_work\LibToMavenDependencies/src"></property>
    <property name="sun.boot.library.path" value="E:\JDK\j2sdk1.4.2\jre\bin"></property>
    <property name="java.awt.graphicsenv" value="sun.awt.Win32GraphicsEnvironment"></property>
    <property name="user.variant" value=""></property>
    <property name="maven.junit.envvars" value=""></property>
    <property name="maven.compile.target" value="1.1"></property>
    <property name="maven.session" value="org.apache.maven.MavenSession@1cc5069"></property>
    <property name="maven.xdoc.crumb.separator" value="|"></property>
    <property name="java.vm.specification.version" value="1.0"></property>
    <property name="pom" value="lib2repo"></property>
    <property name="maven.test.reportsDirectory" value="C:\eclipse_work\LibToMavenDependencies/target/test-reports"></property>
    <property name="awt.toolkit" value="sun.awt.windows.WToolkit"></property>
    <property name="sun.cpu.isalist" value="pentium i486 i386"></property>
    <property name="maven.ant.project" value="org.apache.commons.grant.GrantProject@12bf892"></property>
    <property name="unitTestSourcesPresent" value="true"></property>
    <property name="java.ext.dirs" value="E:\JDK\j2sdk1.4.2\jre\lib\ext"></property>
    <property name="os.version" value="5.1"></property>
    <property name="maven.jar.excludes" value="**/package.html"></property>
    <property name="user.home" value="C:\Documents and Settings\jesper"></property>
    <property name="java.vm.vendor" value="Sun Microsystems Inc."></property>
    <property name="javax.xml.parsers.DocumentBuilderFactory" value="org.apache.xerces.jaxp.DocumentBuilderFactoryImpl"></property>
    <property name="maven.xdoc.date.locale" value="en"></property>
    <property name="maven.xdoc.theme.url" value=""></property>
    <property name="user.dir" value="C:\eclipse_work\LibToMavenDependencies"></property>
    <property name="maven.artifact.manifest.extensions.add" value="false"></property>
    <property name="maven.xdoc.theme" value="theme"></property>
    <property name="maven.build.src" value="C:\eclipse_work\LibToMavenDependencies/target/src"></property>
    <property name="sun.cpu.endian" value="little"></property>
    <property name="maven.distDirectory" value="C:\eclipse_work\LibToMavenDependencies/dist"></property>
    <property name="project" value="org.apache.commons.grant.GrantProject@12bf892"></property>
    <property name="maven.defaults.loaded" value="true"></property>
    <property name="maven.username" value="USERNAME_NOT_SET"></property>
    <property name="java.vm.version" value="1.4.2-b28"></property>
    <property name="java.class.path" value="C:\Programmer\Apache Software Foundation\Maven 1.0\lib\forehead-1.0-beta-5.jar"></property>
    <property name="javax.xml.parsers.SAXParserFactory" value="org.apache.xerces.jaxp.SAXParserFactoryImpl"></property>
    <property name="os.arch" value="x86"></property>
    <property name="maven.debugOn" value="false"></property>
    <property name="maven.junit.jvmargs" value=""></property>
    <property name="maven.repo.remote" value="http://www.ibiblio.org/maven"></property>
    <property name="maven.license.licenseFile" value="C:\eclipse_work\LibToMavenDependencies/LICENSE.txt"></property>
    <property name="java.vm.specification.vendor" value="Sun Microsystems Inc."></property>
    <property name="maven.gen.docs" value="C:\eclipse_work\LibToMavenDependencies/target/generated-xdocs"></property>
    <property name="file.separator" value="\"></property>
    <property name="java.runtime.version" value="1.4.2-b28"></property>
    <property name="sun.boot.class.path" value="C:\Programmer\Apache Software Foundation\Maven 1.0\lib\endorsed\xerces-2.4.0.jar;C:\Programmer\Apache Software Foundation\Maven 1.0\lib\endorsed\xml-apis-1.0.b2.jar;E:\JDK\j2sdk1.4.2\jre\lib\rt.jar;E:\JDK\j2sdk1.4.2\jre\lib\i18n.jar;E:\JDK\j2sdk1.4.2\jre\lib\sunrsasign.jar;E:\JDK\j2sdk1.4.2\jre\lib\jsse.jar;E:\JDK\j2sdk1.4.2\jre\lib\jce.jar;E:\JDK\j2sdk1.4.2\jre\lib\charsets.jar;E:\JDK\j2sdk1.4.2\jre\classes"></property>
    <property name="maven.home.local" value="C:\Documents and Settings\jesper/.maven"></property>
    <property name="sun.java2d.fontpath" value=""></property>
    <property name="user.country" value="DK"></property>
    <property name="maven.home" value="C:\Programmer\Apache Software Foundation\Maven 1.0"></property>
    <property name="maven.antlr.src.dir" value="MAVEN_ANTLR_SRC_DIR_NOT_SET"></property>
    <property name="tools.jar" value="E:\JDK\j2sdk1.4.2\lib\tools.jar"></property>
    <property name="maven.distBuildDirectory" value="C:\eclipse_work\LibToMavenDependencies/target"></property>
    <property name="java.vendor" value="Sun Microsystems Inc."></property>
    <property name="maven.docs.outputencoding" value="ISO-8859-1"></property>
    <property name="java.specification.version" value="1.4"></property>
    <property name="maven.ui.navcol.width" value="20%"></property>
    <property name="sun.arch.data.model" value="32"></property>
  </properties>
  <testcase name="testResolve" time="0.032"></testcase>
  <system-out><![CDATA[]]></system-out>
  <system-err><![CDATA[]]></system-err>
</testsuite>
